p/c99.png 1 0 0 50 50
p/c98.png 1 0 0 50 50
p/c97.png 1 0 0 50 50
p/c96.png 1 0 0 50 50
p/c95.png 1 0 0 50 50
p/c94.png 1 0 0 50 50
p/c93.png 1 0 0 50 50
p/c92.png 1 0 0 50 50
p/c91.png 1 0 0 50 50
p/c90.png 1 0 0 50 50
p/c9.png 1 0 0 50 50
p/c89.png 1 0 0 50 50
p/c88.png 1 0 0 50 50
p/c87.png 1 0 0 50 50
p/c86.png 1 0 0 50 50
p/c85.png 1 0 0 50 50
p/c84.png 1 0 0 50 50
p/c83.png 1 0 0 50 50
p/c82.png 1 0 0 50 50
p/c81.png 1 0 0 50 50
p/c80.png 1 0 0 50 50
p/c8.png 1 0 0 50 50
p/c79.png 1 0 0 50 50
p/c78.png 1 0 0 50 50
p/c77.png 1 0 0 50 50
p/c76.png 1 0 0 50 50
p/c75.png 1 0 0 50 50
p/c74.png 1 0 0 50 50
p/c73.png 1 0 0 50 50
p/c72.png 1 0 0 50 50
p/c71.png 1 0 0 50 50
p/c70.png 1 0 0 50 50
p/c7.png 1 0 0 50 50
p/c69.png 1 0 0 50 50
p/c68.png 1 0 0 50 50
p/c67.png 1 0 0 50 50
p/c66.png 1 0 0 50 50
p/c65.png 1 0 0 50 50
p/c64.png 1 0 0 50 50
p/c63.png 1 0 0 50 50
p/c62.png 1 0 0 50 50
p/c61.png 1 0 0 50 50
p/c60.png 1 0 0 50 50
p/c6.png 1 0 0 50 50
p/c59.png 1 0 0 50 50
p/c58.png 1 0 0 50 50
p/c57.png 1 0 0 50 50
p/c56.png 1 0 0 50 50
p/c55.png 1 0 0 50 50
p/c54.png 1 0 0 50 50
p/c53.png 1 0 0 50 50
p/c52.png 1 0 0 50 50
p/c51.png 1 0 0 50 50
p/c50.png 1 0 0 50 50
p/c5.png 1 0 0 50 50
p/c49.png 1 0 0 50 50
p/c48.png 1 0 0 50 50
p/c47.png 1 0 0 50 50
p/c46.png 1 0 0 50 50
p/c45.png 1 0 0 50 50
p/c44.png 1 0 0 50 50
p/c43.png 1 0 0 50 50
p/c42.png 1 0 0 50 50
p/c41.png 1 0 0 50 50
p/c40.png 1 0 0 50 50
p/c4.png 1 0 0 50 50
p/c39.png 1 0 0 50 50
p/c38.png 1 0 0 50 50
p/c37.png 1 0 0 50 50
p/c36.png 1 0 0 50 50
p/c35.png 1 0 0 50 50
p/c34.png 1 0 0 50 50
p/c33.png 1 0 0 50 50
p/c32.png 1 0 0 50 50
p/c31.png 1 0 0 50 50
p/c30.png 1 0 0 50 50
p/c3.png 1 0 0 50 50
p/c29.png 1 0 0 50 50
p/c28.png 1 0 0 50 50
p/c27.png 1 0 0 50 50
p/c26.png 1 0 0 50 50
p/c25.png 1 0 0 50 50
p/c24.png 1 0 0 50 50
p/c23.png 1 0 0 50 50
p/c22.png 1 0 0 50 50
p/c21.png 1 0 0 50 50
p/c20.png 1 0 0 50 50
p/c2.png 1 0 0 50 50
p/c19.png 1 0 0 50 50
p/c18.png 1 0 0 50 50
p/c17.png 1 0 0 50 50
p/c16.png 1 0 0 50 50
p/c15.png 1 0 0 50 50
p/c149.png 1 0 0 50 50
p/c148.png 1 0 0 50 50
p/c147.png 1 0 0 50 50
p/c146.png 1 0 0 50 50
p/c145.png 1 0 0 50 50
p/c144.png 1 0 0 50 50
p/c143.png 1 0 0 50 50
p/c142.png 1 0 0 50 50
p/c141.png 1 0 0 50 50
p/c140.png 1 0 0 50 50
p/c14.png 1 0 0 50 50
p/c139.png 1 0 0 50 50
p/c138.png 1 0 0 50 50
p/c137.png 1 0 0 50 50
p/c136.png 1 0 0 50 50
p/c135.png 1 0 0 50 50
p/c134.png 1 0 0 50 50
p/c133.png 1 0 0 50 50
p/c132.png 1 0 0 50 50
p/c131.png 1 0 0 50 50
p/c130.png 1 0 0 50 50
p/c13.png 1 0 0 50 50
p/c129.png 1 0 0 50 50
p/c128.png 1 0 0 50 50
p/c127.png 1 0 0 50 50
p/c126.png 1 0 0 50 50
p/c125.png 1 0 0 50 50
p/c124.png 1 0 0 50 50
p/c123.png 1 0 0 50 50
p/c122.png 1 0 0 50 50
p/c121.png 1 0 0 50 50
p/c120.png 1 0 0 50 50
p/c12.png 1 0 0 50 50
p/c119.png 1 0 0 50 50
p/c118.png 1 0 0 50 50
p/c117.png 1 0 0 50 50
p/c116.png 1 0 0 50 50
p/c115.png 1 0 0 50 50
p/c114.png 1 0 0 50 50
p/c113.png 1 0 0 50 50
p/c112.png 1 0 0 50 50
p/c111.png 1 0 0 50 50
p/c110.png 1 0 0 50 50
p/c11.png 1 0 0 50 50
p/c109.png 1 0 0 50 50
p/c108.png 1 0 0 50 50
p/c107.png 1 0 0 50 50
p/c106.png 1 0 0 50 50
p/c105.png 1 0 0 50 50
p/c104.png 1 0 0 50 50
p/c103.png 1 0 0 50 50
p/c102.png 1 0 0 50 50
p/c101.png 1 0 0 50 50
p/c100.png 1 0 0 50 50
p/c10.png 1 0 0 50 50
p/c1.png 1 0 0 50 50
p/c0.png 1 0 0 50 50
p/bn_99.png 1 0 0 50 50
p/bn_98.png 1 0 0 50 50
p/bn_97.png 1 0 0 50 50
p/bn_96.png 1 0 0 50 50
p/bn_95.png 1 0 0 50 50
p/bn_94.png 1 0 0 50 50
p/bn_93.png 1 0 0 50 50
p/bn_92.png 1 0 0 50 50
p/bn_91.png 1 0 0 50 50
p/bn_90.png 1 0 0 50 50
p/bn_9.png 1 0 0 50 50
p/bn_89.png 1 0 0 50 50
p/bn_88.png 1 0 0 50 50
p/bn_87.png 1 0 0 50 50
p/bn_86.png 1 0 0 50 50
p/bn_85.png 1 0 0 50 50
p/bn_84.png 1 0 0 50 50
p/bn_83.png 1 0 0 50 50
p/bn_82.png 1 0 0 50 50
p/bn_81.png 1 0 0 50 50
p/bn_80.png 1 0 0 50 50
p/bn_8.png 1 0 0 50 50
p/bn_79.png 1 0 0 50 50
p/bn_78.png 1 0 0 50 50
p/bn_77.png 1 0 0 50 50
p/bn_76.png 1 0 0 50 50
p/bn_75.png 1 0 0 50 50
p/bn_74.png 1 0 0 50 50
p/bn_73.png 1 0 0 50 50
p/bn_72.png 1 0 0 50 50
p/bn_71.png 1 0 0 50 50
p/bn_70.png 1 0 0 50 50
p/bn_7.png 1 0 0 50 50
p/bn_69.png 1 0 0 50 50
p/bn_68.png 1 0 0 50 50
p/bn_67.png 1 0 0 50 50
p/bn_66.png 1 0 0 50 50
p/bn_65.png 1 0 0 50 50
p/bn_64.png 1 0 0 50 50
p/bn_63.png 1 0 0 50 50
p/bn_62.png 1 0 0 50 50
p/bn_61.png 1 0 0 50 50
p/bn_60.png 1 0 0 50 50
p/bn_6.png 1 0 0 50 50
p/bn_59.png 1 0 0 50 50
p/bn_58.png 1 0 0 50 50
p/bn_57.png 1 0 0 50 50
p/bn_56.png 1 0 0 50 50
p/bn_55.png 1 0 0 50 50
p/bn_54.png 1 0 0 50 50
p/bn_53.png 1 0 0 50 50
p/bn_52.png 1 0 0 50 50
p/bn_51.png 1 0 0 50 50
p/bn_50.png 1 0 0 50 50
p/bn_5.png 1 0 0 50 50
p/bn_49.png 1 0 0 50 50
p/bn_48.png 1 0 0 50 50
p/bn_47.png 1 0 0 50 50
p/bn_46.png 1 0 0 50 50
p/bn_45.png 1 0 0 50 50
p/bn_44.png 1 0 0 50 50
p/bn_43.png 1 0 0 50 50
p/bn_42.png 1 0 0 50 50
p/bn_41.png 1 0 0 50 50
p/bn_40.png 1 0 0 50 50
p/bn_4.png 1 0 0 50 50
p/bn_39.png 1 0 0 50 50
p/bn_38.png 1 0 0 50 50
p/bn_37.png 1 0 0 50 50
p/bn_36.png 1 0 0 50 50
p/bn_35.png 1 0 0 50 50
p/bn_34.png 1 0 0 50 50
p/bn_33.png 1 0 0 50 50
p/bn_32.png 1 0 0 50 50
p/bn_31.png 1 0 0 50 50
p/bn_30.png 1 0 0 50 50
p/bn_3.png 1 0 0 50 50
p/bn_29.png 1 0 0 50 50
p/bn_28.png 1 0 0 50 50
p/bn_27.png 1 0 0 50 50
p/bn_26.png 1 0 0 50 50
p/bn_25.png 1 0 0 50 50
p/bn_24.png 1 0 0 50 50
p/bn_23.png 1 0 0 50 50
p/bn_22.png 1 0 0 50 50
p/bn_21.png 1 0 0 50 50
p/bn_20.png 1 0 0 50 50
p/bn_2.png 1 0 0 50 50
p/bn_19.png 1 0 0 50 50
p/bn_18.png 1 0 0 50 50
p/bn_17.png 1 0 0 50 50
p/bn_16.png 1 0 0 50 50
p/bn_15.png 1 0 0 50 50
p/bn_149.png 1 0 0 50 50
p/bn_148.png 1 0 0 50 50
p/bn_147.png 1 0 0 50 50
p/bn_146.png 1 0 0 50 50
p/bn_145.png 1 0 0 50 50
p/bn_144.png 1 0 0 50 50
p/bn_143.png 1 0 0 50 50
p/bn_142.png 1 0 0 50 50
p/bn_141.png 1 0 0 50 50
p/bn_140.png 1 0 0 50 50
p/bn_14.png 1 0 0 50 50
p/bn_139.png 1 0 0 50 50
p/bn_138.png 1 0 0 50 50
p/bn_137.png 1 0 0 50 50
p/bn_136.png 1 0 0 50 50
p/bn_135.png 1 0 0 50 50
p/bn_134.png 1 0 0 50 50
p/bn_133.png 1 0 0 50 50
p/bn_132.png 1 0 0 50 50
p/bn_131.png 1 0 0 50 50
p/bn_130.png 1 0 0 50 50
p/bn_13.png 1 0 0 50 50
p/bn_129.png 1 0 0 50 50
p/bn_128.png 1 0 0 50 50
p/bn_127.png 1 0 0 50 50
p/bn_126.png 1 0 0 50 50
p/bn_125.png 1 0 0 50 50
p/bn_124.png 1 0 0 50 50
p/bn_123.png 1 0 0 50 50
p/bn_122.png 1 0 0 50 50
p/bn_121.png 1 0 0 50 50
p/bn_120.png 1 0 0 50 50
p/bn_12.png 1 0 0 50 50
p/bn_119.png 1 0 0 50 50
p/bn_118.png 1 0 0 50 50
p/bn_117.png 1 0 0 50 50
p/bn_116.png 1 0 0 50 50
p/bn_115.png 1 0 0 50 50
p/bn_114.png 1 0 0 50 50
p/bn_113.png 1 0 0 50 50
p/bn_112.png 1 0 0 50 50
p/bn_111.png 1 0 0 50 50
p/bn_110.png 1 0 0 50 50
p/bn_11.png 1 0 0 50 50
p/bn_109.png 1 0 0 50 50
p/bn_108.png 1 0 0 50 50
p/bn_107.png 1 0 0 50 50
p/bn_106.png 1 0 0 50 50
p/bn_105.png 1 0 0 50 50
p/bn_104.png 1 0 0 50 50
p/bn_103.png 1 0 0 50 50
p/bn_102.png 1 0 0 50 50
p/bn_101.png 1 0 0 50 50
p/bn_100.png 1 0 0 50 50
p/bn_10.png 1 0 0 50 50
p/bn_1.png 1 0 0 50 50
p/bn_0.png 1 0 0 50 50